[info] welcome to sbt 1.12.8 (Azul Systems, Inc. Java 21.0.7)
[info] loading settings for project root from build.sbt, plugins.sbt...
[info] loading project definition from /Users/vigoo/projects/golem/golem-2/sdks/scala/project
[info] loading settings for project root from build.sbt...
[info] set current project to golem-scala (in build file:/Users/vigoo/projects/golem/golem-2/sdks/scala/)
[info] Setting Scala version to 3.8.2 on 8 projects.
[info] Excluded 1 projects, run ++ 3.8.2 -v for more details.
[info] Reapplying settings...
[info] set current project to golem-scala (in build file:/Users/vigoo/projects/golem/golem-2/sdks/scala/)
[info] compiling 1 Scala source to /Users/vigoo/projects/golem/golem-2/sdks/scala/integration-tests/target/scala-3.8.2/test-classes ...
[info] done compiling
=== golem deploy (exit=1) ===
Selected app: scala-examples, env: local, server: local - builtin (http://localhost:9881/)
Selecting components
  Found components: scala:examples
  Selected components and layers:
    scala:examples: scala.js, scala:examples
Building components
  Building scala:examples
    Executing external command 'bash -c 'COMP_DIR="$PWD" && cd .. && sbt -batch -no-colors -Dsbt.supershell=false "++3.8.2!" "project testAgents" "golemBuildComponent scala:examples $COMP_DIR/.golem/scala.js"'' in directory /Users/vigoo/projects/golem/golem-2/sdks/scala/test-agents
bash | [info] welcome to sbt 1.12.8 (Azul Systems, Inc. Java 21.0.7)
bash | [info] loading settings for project root from build.sbt, plugins.sbt...
bash | [info] loading project definition from /Users/vigoo/projects/golem/golem-2/sdks/scala/project
bash | [info] loading settings for project root from build.sbt...
bash | [info] set current project to golem-scala (in build file:/Users/vigoo/projects/golem/golem-2/sdks/scala/)
bash | [info] Forcing Scala version to 3.8.2 on all projects.
bash | [info] Reapplying settings...
bash | [info] set current project to golem-scala (in build file:/Users/vigoo/projects/golem/golem-2/sdks/scala/)
bash | [info] set current project to golem-scala-test-agents (in build file:/Users/vigoo/projects/golem/golem-2/sdks/scala/)
bash | parsed config (v3.10.4): /Users/vigoo/projects/golem/golem-2/sdks/scala/.scalafmt.conf
bash | [info] [golem] Generated Scala.js agent registration for example into golem.runtime.__generated.autoregister.example (34 impls, 2 pkgs).
bash | [info] [golem] Generated 34 RPC client object(s).
bash | [info] Full optimizing /Users/vigoo/projects/golem/golem-2/sdks/scala/test-agents/target/scala-3.8.2/golem-scala-test-agents-opt
bash | [info] [golem] Building Scala.js bundle for scala:examples ...
bash | [info] [golem] Wrote Scala.js bundle to /Users/vigoo/projects/golem/golem-2/sdks/scala/test-agents/.golem/scala.js
bash | [success] Total time: 8 s, completed Jun 18, 2026, 9:53:38 PM
    Injecting JS module /Users/vigoo/projects/golem/golem-2/sdks/scala/test-agents/.golem/scala.js into QuickJS WASM /Users/vigoo/projects/golem/golem-2/sdks/scala/test-agents/.generated/agent_guest.wasm
    Pre-initializing JS component /Users/vigoo/projects/golem/golem-2/sdks/scala/test-agents/.golem/agents/scala_examples.dynamic.wasm into /Users/vigoo/projects/golem/golem-2/sdks/scala/test-agents/.golem/agents/scala_examples.preinitialized.wasm
Reading component from /Users/vigoo/projects/golem/golem-2/sdks/scala/test-agents/.golem/agents/scala_examples.dynamic.wasm...
Pre-initializing component (init_func=wizer-initialize)...
Writing pre-initialized component to /Users/vigoo/projects/golem/golem-2/sdks/scala/test-agents/.golem/agents/scala_examples.preinitialized.wasm...
Done! Input: 20597.2 KB, Output: 88094.0 KB
Adding metadata to components
  Adding metadata to scala:examples
Preparing deployment
  Extracting scala:examples agent types from /Users/vigoo/projects/golem/golem-2/sdks/scala/test-agents/.golem/agents/scala_examples.wasm



Summary 
  Failed to prepare deployment [ERROR]
    error: Function discover-agent-types not found in interface golem:agent/guest@1.5.0

=== end golem deploy ===
=== golem deploy (exit=1) ===
Selected app: scala-examples, env: local, server: local - builtin (http://localhost:9881/)
Selecting components
  Found components: scala:examples
  Selected components and layers:
    scala:examples: scala.js, scala:examples
Building components
  Building scala:examples
    Skipping executing external command 'bash -c 'COMP_DIR="$PWD" && cd .. && sbt -batch -no-colors -Dsbt.supershell=false "++3.8.2!" "project testAgents" "golemBuildComponent scala:examples $COMP_DIR/.golem/scala.js"'' in directory /Users/vigoo/projects/golem/golem-2/sdks/scala/test-agents [UP-TO-DATE]
    Skipping injecting JS module /Users/vigoo/projects/golem/golem-2/sdks/scala/test-agents/.golem/scala.js into QuickJS WASM /Users/vigoo/projects/golem/golem-2/sdks/scala/test-agents/.generated/agent_guest.wasm [UP-TO-DATE]
    Skipping pre-initializing JS component /Users/vigoo/projects/golem/golem-2/sdks/scala/test-agents/.golem/agents/scala_examples.dynamic.wasm into /Users/vigoo/projects/golem/golem-2/sdks/scala/test-agents/.golem/agents/scala_examples.preinitialized.wasm [UP-TO-DATE]
Adding metadata to components
  Skipping adding metadata to scala:examples [UP-TO-DATE]
Preparing deployment
  Extracting scala:examples agent types from /Users/vigoo/projects/golem/golem-2/sdks/scala/test-agents/.golem/agents/scala_examples.wasm



Summary 
  Failed to prepare deployment [ERROR]
    error: Function discover-agent-types not found in interface golem:agent/guest@1.5.0

=== end golem deploy ===
[error] Uncaught exception when running tests: java.lang.RuntimeException: golem deploy failed after retry (exit=1):
[error] Selected app: scala-examples, env: local, server: local - builtin (http://localhost:9881/)
[error] Selecting components
[error]   Found components: scala:examples
[error]   Selected components and layers:
[error]     scala:examples: scala.js, scala:examples
[error] Building components
[error]   Building scala:examples
[error]     Skipping executing external command 'bash -c 'COMP_DIR="$PWD" && cd .. && sbt -batch -no-colors -Dsbt.supershell=false "++3.8.2!" "project testAgents" "golemBuildComponent scala:examples $COMP_DIR/.golem/scala.js"'' in directory /Users/vigoo/projects/golem/golem-2/sdks/scala/test-agents [UP-TO-DATE]
[error]     Skipping injecting JS module /Users/vigoo/projects/golem/golem-2/sdks/scala/test-agents/.golem/scala.js into QuickJS WASM /Users/vigoo/projects/golem/golem-2/sdks/scala/test-agents/.generated/agent_guest.wasm [UP-TO-DATE]
[error]     Skipping pre-initializing JS component /Users/vigoo/projects/golem/golem-2/sdks/scala/test-agents/.golem/agents/scala_examples.dynamic.wasm into /Users/vigoo/projects/golem/golem-2/sdks/scala/test-agents/.golem/agents/scala_examples.preinitialized.wasm [UP-TO-DATE]
[error] Adding metadata to components
[error]   Skipping adding metadata to scala:examples [UP-TO-DATE]
[error] Preparing deployment
[error]   Extracting scala:examples agent types from /Users/vigoo/projects/golem/golem-2/sdks/scala/test-agents/.golem/agents/scala_examples.wasm
[error] 
[error] 
[error] 
[error] Summary 
[error]   Failed to prepare deployment [ERROR]
[error]     error: Function discover-agent-types not found in interface golem:agent/guest@1.5.0
[error] 
[error] 	at golem.integration.GolemServer$.deploy$$anonfun$1$$anonfun$2$$anonfun$1$$anonfun$1(GolemExamplesIntegrationSpec.scala:151)
[error] 	at zio.ZIO$.fail$$anonfun$1(ZIO.scala:3247)
[error] 	at zio.ZIO$.failCause$$anonfun$1(ZIO.scala:3258)
[error] 	at golem.integration.GolemServer.deploy(GolemExamplesIntegrationSpec.scala:153)
[error] 	at golem.integration.GolemServer.layer(GolemExamplesIntegrationSpec.scala:285)
[error] 	at golem.integration.GolemServer.layer(GolemExamplesIntegrationSpec.scala:286)
[error] 	at zio.process.Process.execute(Process.scala:45)
[error] 	at zio.Runtime$unsafe$.fromLayer(Runtime.scala:342)
[error] 	at zio.test.sbt.TestRunner.getSharedRuntime(TestRunner.scala:79)
[error] 	at zio.test.sbt.TestRunner.tasks(TestRunner.scala:57)
[error] 	at zio.test.sbt.TestRunner.tasks(TestRunner.scala:42)
[error] 	at sbt.ForkMain$Run.runTests(ForkMain.java:345)
[error] 	at sbt.ForkMain$Run.run(ForkMain.java:192)
[error] 	at sbt.ForkMain$Run.access$100(ForkMain.java:187)
[error] 	at sbt.ForkMain.main(ForkMain.java:178)
[error] 	at sbt.ForkMain.main(ForkMain.java:164)
[error] sbt.ForkMain$ForkError: zio.FiberFailure: golem deploy failed after retry (exit=1):
[error] Selected app: scala-examples, env: local, server: local - builtin (http://localhost:9881/)
[error] Selecting components
[error]   Found components: scala:examples
[error]   Selected components and layers:
[error]     scala:examples: scala.js, scala:examples
[error] Building components
[error]   Building scala:examples
[error]     Skipping executing external command 'bash -c 'COMP_DIR="$PWD" && cd .. && sbt -batch -no-colors -Dsbt.supershell=false "++3.8.2!" "project testAgents" "golemBuildComponent scala:examples $COMP_DIR/.golem/scala.js"'' in directory /Users/vigoo/projects/golem/golem-2/sdks/scala/test-agents [UP-TO-DATE]
[error]     Skipping injecting JS module /Users/vigoo/projects/golem/golem-2/sdks/scala/test-agents/.golem/scala.js into QuickJS WASM /Users/vigoo/projects/golem/golem-2/sdks/scala/test-agents/.generated/agent_guest.wasm [UP-TO-DATE]
[error]     Skipping pre-initializing JS component /Users/vigoo/projects/golem/golem-2/sdks/scala/test-agents/.golem/agents/scala_examples.dynamic.wasm into /Users/vigoo/projects/golem/golem-2/sdks/scala/test-agents/.golem/agents/scala_examples.preinitialized.wasm [UP-TO-DATE]
[error] Adding metadata to components
[error]   Skipping adding metadata to scala:examples [UP-TO-DATE]
[error] Preparing deployment
[error]   Extracting scala:examples agent types from /Users/vigoo/projects/golem/golem-2/sdks/scala/test-agents/.golem/agents/scala_examples.wasm
[error] 
[error] 
[error] 
[error] Summary 
[error]   Failed to prepare deployment [ERROR]
[error]     error: Function discover-agent-types not found in interface golem:agent/guest@1.5.0
[error] 
[error] 	at golem.integration.GolemServer.deploy(GolemExamplesIntegrationSpec.scala:153)
[error] 	at golem.integration.GolemServer.layer(GolemExamplesIntegrationSpec.scala:285)
[error] 	at golem.integration.GolemServer.layer(GolemExamplesIntegrationSpec.scala:286)
[error] 	at zio.process.Process.execute(Process.scala:45)
[error] 	at zio.Runtime$unsafe$.fromLayer(Runtime.scala:342)
[error] 	at zio.test.sbt.TestRunner.getSharedRuntime(TestRunner.scala:79)
[error] 	at zio.test.sbt.TestRunner.tasks(TestRunner.scala:57)
[error] 	at zio.test.sbt.TestRunner.tasks(TestRunner.scala:42)
[error] 	at sbt.ForkMain$Run.runTests(ForkMain.java:345)
[error] 	at sbt.ForkMain$Run.run(ForkMain.java:192)
[error] 	at sbt.ForkMain$Run.access$100(ForkMain.java:187)
[error] 	at sbt.ForkMain.main(ForkMain.java:178)
[error] 	at sbt.ForkMain.main(ForkMain.java:164)
[error] Caused by: sbt.ForkMain$ForkError: java.lang.RuntimeException: golem deploy failed after retry (exit=1):
[error] Selected app: scala-examples, env: local, server: local - builtin (http://localhost:9881/)
[error] Selecting components
[error]   Found components: scala:examples
[error]   Selected components and layers:
[error]     scala:examples: scala.js, scala:examples
[error] Building components
[error]   Building scala:examples
[error]     Skipping executing external command 'bash -c 'COMP_DIR="$PWD" && cd .. && sbt -batch -no-colors -Dsbt.supershell=false "++3.8.2!" "project testAgents" "golemBuildComponent scala:examples $COMP_DIR/.golem/scala.js"'' in directory /Users/vigoo/projects/golem/golem-2/sdks/scala/test-agents [UP-TO-DATE]
[error]     Skipping injecting JS module /Users/vigoo/projects/golem/golem-2/sdks/scala/test-agents/.golem/scala.js into QuickJS WASM /Users/vigoo/projects/golem/golem-2/sdks/scala/test-agents/.generated/agent_guest.wasm [UP-TO-DATE]
[error]     Skipping pre-initializing JS component /Users/vigoo/projects/golem/golem-2/sdks/scala/test-agents/.golem/agents/scala_examples.dynamic.wasm into /Users/vigoo/projects/golem/golem-2/sdks/scala/test-agents/.golem/agents/scala_examples.preinitialized.wasm [UP-TO-DATE]
[error] Adding metadata to components
[error]   Skipping adding metadata to scala:examples [UP-TO-DATE]
[error] Preparing deployment
[error]   Extracting scala:examples agent types from /Users/vigoo/projects/golem/golem-2/sdks/scala/test-agents/.golem/agents/scala_examples.wasm
[error] 
[error] 
[error] 
[error] Summary 
[error]   Failed to prepare deployment [ERROR]
[error]     error: Function discover-agent-types not found in interface golem:agent/guest@1.5.0
[error] 
[error] 	at golem.integration.GolemServer$.deploy$$anonfun$1$$anonfun$2$$anonfun$1$$anonfun$1(GolemExamplesIntegrationSpec.scala:151)
[error] 	at zio.ZIO$.fail$$anonfun$1(ZIO.scala:3247)
[error] 	at zio.ZIO$.failCause$$anonfun$1(ZIO.scala:3258)
[error] 	at zio.internal.FiberRuntime.runLoop(FiberRuntime.scala:1214)
[error] 	at zio.internal.FiberRuntime.evaluateEffect(FiberRuntime.scala:435)
[error] 	at zio.internal.FiberRuntime.evaluateMessageWhileSuspended(FiberRuntime.scala:508)
[error] 	at zio.internal.FiberRuntime.drainQueueOnCurrentThread(FiberRuntime.scala:272)
[error] 	at zio.internal.FiberRuntime.run(FiberRuntime.scala:160)
[error] 	at zio.internal.ZScheduler$$anon$3.run(ZScheduler.scala:404)
[info] Completed tests
[error] Error during tests:
[error] 	Forked test harness failed: java.io.EOFException
[error] 	at java.base/java.io.ObjectInputStream$BlockDataInputStream.peekByte(ObjectInputStream.java:3232)
[error] 	at java.base/java.io.ObjectInputStream.readObject0(ObjectInputStream.java:1713)
[error] 	at java.base/java.io.ObjectInputStream.readObject(ObjectInputStream.java:540)
[error] 	at java.base/java.io.ObjectInputStream.readObject(ObjectInputStream.java:498)
[error] 	at sbt.React.react(ForkTests.scala:202)
[error] 	at sbt.ForkTests$Acceptor$1$.run(ForkTests.scala:133)
[error] 	at java.base/java.lang.Thread.run(Thread.java:1583)
[error] (integrationTests / Test / test) sbt.TestsFailedException: Tests unsuccessful
[error] Total time: 36 s, completed Jun 18, 2026, 9:53:59 PM
